[0;36mDebug: Runtime environment: puppet_version=3.8.5, ruby_version=2.1.9, run_mode=user, default_encoding=UTF-8[0m
[0;36mDebug: Evicting cache entry for environment 'production'[0m
[0;36mDebug: Caching environment 'production' (ttl = 0 sec)[0m
[0;36mDebug: Evicting cache entry for environment 'production'[0m
[0;36mDebug: Caching environment 'production' (ttl = 0 sec)[0m
[0;36mDebug: Loading external facts from /var/lib/puppet/facts.d[0m
[0;32mInfo: Loading facts[0m
[0;36mDebug: Loading facts from /etc/puppet/modules/puppetlabs-lvm-0.9.0/lib/facter/lvm_support.rb[0m
[0;32mInfo: Loading facts[0m
[0;36mDebug: Loading facts from /etc/puppet/modules/stdlib/lib/facter/facter_dot_d.rb[0m
[0;36mDebug: Loading facts from /etc/puppet/modules/stdlib/lib/facter/puppet_settings.rb[0m
[0;36mDebug: Loading facts from /etc/puppet/modules/stdlib/lib/facter/service_provider.rb[0m
[0;36mDebug: Loading facts from /etc/puppet/modules/stdlib/lib/facter/root_home.rb[0m
[0;36mDebug: Loading facts from /etc/puppet/modules/stdlib/lib/facter/pe_version.rb[0m
[0;36mDebug: Loading facts from /etc/puppet/modules/stdlib/lib/facter/package_provider.rb[0m
[0;32mInfo: Loading facts[0m
[0;36mDebug: Loading facts from /etc/puppet/modules/lvm/lib/facter/lvm_support.rb[0m
[0;36mDebug: Evicting cache entry for environment 'production'[0m
[0;36mDebug: Caching environment 'production' (ttl = 0 sec)[0m
[0;36mDebug: Evicting cache entry for environment 'production'[0m
[0;36mDebug: Caching environment 'production' (ttl = 0 sec)[0m
[0;36mDebug: Evicting cache entry for environment 'production'[0m
[0;36mDebug: Caching environment 'production' (ttl = 0 sec)[0m
[0;36mDebug: Evicting cache entry for environment 'production'[0m
[0;36mDebug: Caching environment 'production' (ttl = 0 sec)[0m
[0;36mDebug: Evicting cache entry for environment 'production'[0m
[0;36mDebug: Caching environment 'production' (ttl = 0 sec)[0m
[0;36mDebug: Evicting cache entry for environment 'production'[0m
[0;36mDebug: Caching environment 'production' (ttl = 0 sec)[0m
[0;36mDebug: Executing '/bin/rpm --version'[0m
[0;36mDebug: Executing '/bin/rpm --version'[0m
[0;36mDebug: Executing '/bin/rpm -ql rpm'[0m
[0;36mDebug: Evicting cache entry for environment 'production'[0m
[0;36mDebug: Caching environment 'production' (ttl = 0 sec)[0m
[0;36mDebug: Puppet::Type::Service::ProviderLaunchd: file /bin/launchctl does not exist[0m
[0;36mDebug: Puppet::Type::Service::ProviderOpenrc: file /bin/rc-status does not exist[0m
[0;36mDebug: Puppet::Type::Service::ProviderDebian: file /usr/sbin/update-rc.d does not exist[0m
[0;36mDebug: Puppet::Type::Service::ProviderUpstart: 0 confines (of 2) were true[0m
[0;36mDebug: Puppet::Type::Service::ProviderDaemontools: file /usr/bin/svc does not exist[0m
[0;36mDebug: Puppet::Type::Service::ProviderGentoo: file /sbin/rc-update does not exist[0m
[0;36mDebug: Puppet::Type::Service::ProviderRunit: file /usr/bin/sv does not exist[0m
[0;36mDebug: Puppet::Type::Package::ProviderDpkg: file /usr/bin/dpkg does not exist[0m
[0;36mDebug: Puppet::Type::Package::ProviderApt: file /usr/bin/apt-get does not exist[0m
[0;36mDebug: Puppet::Type::Package::ProviderSun: file /usr/bin/pkginfo does not exist[0m
[0;36mDebug: Puppet::Type::Package::ProviderUp2date: file /usr/sbin/up2date-nox does not exist[0m
[0;36mDebug: Puppet::Type::Package::ProviderOpenbsd: file pkg_info does not exist[0m
[0;36mDebug: Puppet::Type::Package::ProviderPacman: file /usr/bin/pacman does not exist[0m
[0;36mDebug: Puppet::Type::Package::ProviderPortupgrade: file /usr/local/sbin/portupgrade does not exist[0m
[0;36mDebug: Puppet::Type::Package::ProviderYum: file yum does not exist[0m
[0;36mDebug: Puppet::Type::Package::ProviderAptitude: file /usr/bin/aptitude does not exist[0m
[0;36mDebug: Puppet::Type::Package::ProviderAptrpm: file apt-get does not exist[0m
[0;36mDebug: Puppet::Type::Package::ProviderAix: file /usr/bin/lslpp does not exist[0m
[0;36mDebug: Puppet::Type::Package::ProviderNim: file /usr/sbin/nimclient does not exist[0m
[0;36mDebug: Puppet::Type::Package::ProviderPkgin: file pkgin does not exist[0m
[0;36mDebug: Puppet::Type::Package::ProviderRug: file /usr/bin/rug does not exist[0m
[0;36mDebug: Puppet::Type::Package::ProviderUrpmi: file urpmi does not exist[0m
[0;36mDebug: Puppet::Type::Package::ProviderSunfreeware: file pkg-get does not exist[0m
[0;36mDebug: Puppet::Type::Package::ProviderHpux: file /usr/sbin/swinstall does not exist[0m
[0;36mDebug: Puppet::Type::Package::ProviderFreebsd: file /usr/sbin/pkg_info does not exist[0m
[0;36mDebug: Puppet::Type::Package::ProviderFink: file /sw/bin/fink does not exist[0m
[0;36mDebug: Puppet::Type::Package::ProviderOpkg: file opkg does not exist[0m
[0;36mDebug: Puppet::Type::Package::ProviderPkg: file /usr/bin/pkg does not exist[0m
[0;36mDebug: Puppet::Type::Package::ProviderPorts: file /usr/local/sbin/portupgrade does not exist[0m
[0;36mDebug: Puppet::Type::Package::ProviderPortage: file /usr/bin/emerge does not exist[0m
[0;36mDebug: Evicting cache entry for environment 'production'[0m
[0;36mDebug: Caching environment 'production' (ttl = 0 sec)[0m
[mNotice: Compiled catalog for saphanadb.reddog.microsoft.com in environment production in 0.02 seconds[0m
[0;36mDebug: Creating default schedules[0m
[0;36mDebug: Evicting cache entry for environment 'production'[0m
[0;36mDebug: Caching environment 'production' (ttl = 0 sec)[0m
[0;36mDebug: Evicting cache entry for environment 'production'[0m
[0;36mDebug: Caching environment 'production' (ttl = 0 sec)[0m
[0;36mDebug: Evicting cache entry for environment 'production'[0m
[0;36mDebug: Caching environment 'production' (ttl = 0 sec)[0m
[0;36mDebug: Evicting cache entry for environment 'production'[0m
[0;36mDebug: Caching environment 'production' (ttl = 0 sec)[0m
[0;36mDebug: Failed to load library 'selinux' for feature 'selinux'[0m
[0;36mDebug: Using settings: adding file resource 'confdir': 'File[/etc/puppet]{:path=>"/etc/puppet", :ensure=>:directory, :loglevel=>:debug, :links=>:follow, :backup=>false}'[0m
[0;36mDebug: Evicting cache entry for environment 'production'[0m
[0;36mDebug: Caching environment 'production' (ttl = 0 sec)[0m
[0;36mDebug: Puppet::Type::User::ProviderPw: file pw does not exist[0m
[0;36mDebug: Puppet::Type::User::ProviderDirectoryservice: file /usr/bin/dsimport does not exist[0m
[0;36mDebug: Puppet::Type::User::ProviderUser_role_add: file roleadd does not exist[0m
[0;36mDebug: Failed to load library 'ldap' for feature 'ldap'[0m
[0;36mDebug: Puppet::Type::User::ProviderLdap: feature ldap is missing[0m
[0;36mDebug: /User[puppet]: Provider useradd does not support features libuser; not managing attribute forcelocal[0m
[0;36mDebug: Puppet::Type::Group::ProviderPw: file pw does not exist[0m
[0;36mDebug: Puppet::Type::Group::ProviderDirectoryservice: file /usr/bin/dscl does not exist[0m
[0;36mDebug: Failed to load library 'ldap' for feature 'ldap'[0m
[0;36mDebug: Puppet::Type::Group::ProviderLdap: feature ldap is missing[0m
[0;36mDebug: /Group[puppet]: Provider groupadd does not support features libuser; not managing attribute forcelocal[0m
[0;36mDebug: Using settings: adding file resource 'vardir': 'File[/var/lib/puppet]{:path=>"/var/lib/puppet", :owner=>"root", :ensure=>:directory, :loglevel=>:debug, :links=>:follow, :backup=>false}'[0m
[0;36mDebug: Using settings: adding file resource 'logdir': 'File[/var/log/puppet]{:path=>"/var/log/puppet", :mode=>"750", :owner=>"root", :ensure=>:directory, :loglevel=>:debug, :links=>:follow, :backup=>false}'[0m
[0;36mDebug: Using settings: adding file resource 'statedir': 'File[/var/lib/puppet/state]{:path=>"/var/lib/puppet/state", :mode=>"1755", :ensure=>:directory, :loglevel=>:debug, :links=>:follow, :backup=>false}'[0m
[0;36mDebug: Using settings: adding file resource 'rundir': 'File[/var/run/puppet]{:path=>"/var/run/puppet", :mode=>"755", :owner=>"root", :ensure=>:directory, :loglevel=>:debug, :links=>:follow, :backup=>false}'[0m
[0;36mDebug: Using settings: adding file resource 'libdir': 'File[/var/lib/puppet/lib]{:path=>"/var/lib/puppet/lib", :ensure=>:directory, :loglevel=>:debug, :links=>:follow, :backup=>false}'[0m
[0;36mDebug: Using settings: adding file resource 'preview_outputdir': 'File[/var/lib/puppet/preview]{:path=>"/var/lib/puppet/preview", :mode=>"750", :owner=>"root", :ensure=>:directory, :loglevel=>:debug, :links=>:follow, :backup=>false}'[0m
[0;36mDebug: Using settings: adding file resource 'certdir': 'File[/var/lib/puppet/ssl/certs]{:path=>"/var/lib/puppet/ssl/certs", :mode=>"755", :owner=>"root", :ensure=>:directory, :loglevel=>:debug, :links=>:follow, :backup=>false}'[0m
[0;36mDebug: Using settings: adding file resource 'ssldir': 'File[/var/lib/puppet/ssl]{:path=>"/var/lib/puppet/ssl", :mode=>"771", :owner=>"root", :ensure=>:directory, :loglevel=>:debug, :links=>:follow, :backup=>false}'[0m
[0;36mDebug: Using settings: adding file resource 'publickeydir': 'File[/var/lib/puppet/ssl/public_keys]{:path=>"/var/lib/puppet/ssl/public_keys", :mode=>"755", :owner=>"root", :ensure=>:directory, :loglevel=>:debug, :links=>:follow, :backup=>false}'[0m
[0;36mDebug: Using settings: adding file resource 'requestdir': 'File[/var/lib/puppet/ssl/certificate_requests]{:path=>"/var/lib/puppet/ssl/certificate_requests", :mode=>"755", :owner=>"root", :ensure=>:directory, :loglevel=>:debug, :links=>:follow, :backup=>false}'[0m
[0;36mDebug: Using settings: adding file resource 'privatekeydir': 'File[/var/lib/puppet/ssl/private_keys]{:path=>"/var/lib/puppet/ssl/private_keys", :mode=>"750", :owner=>"root", :ensure=>:directory, :loglevel=>:debug, :links=>:follow, :backup=>false}'[0m
[0;36mDebug: Using settings: adding file resource 'privatedir': 'File[/var/lib/puppet/ssl/private]{:path=>"/var/lib/puppet/ssl/private", :mode=>"750", :owner=>"root", :ensure=>:directory, :loglevel=>:debug, :links=>:follow, :backup=>false}'[0m
[0;36mDebug: Using settings: adding file resource 'statefile': 'File[/var/lib/puppet/state/state.yaml]{:path=>"/var/lib/puppet/state/state.yaml", :mode=>"660", :ensure=>:file, :loglevel=>:debug, :links=>:follow, :backup=>false}'[0m
[0;36mDebug: Using settings: adding file resource 'clientyamldir': 'File[/var/lib/puppet/client_yaml]{:path=>"/var/lib/puppet/client_yaml", :mode=>"750", :ensure=>:directory, :loglevel=>:debug, :links=>:follow, :backup=>false}'[0m
[0;36mDebug: Using settings: adding file resource 'client_datadir': 'File[/var/lib/puppet/client_data]{:path=>"/var/lib/puppet/client_data", :mode=>"750", :ensure=>:directory, :loglevel=>:debug, :links=>:follow, :backup=>false}'[0m
[0;36mDebug: Using settings: adding file resource 'clientbucketdir': 'File[/var/lib/puppet/clientbucket]{:path=>"/var/lib/puppet/clientbucket", :mode=>"750", :ensure=>:directory, :loglevel=>:debug, :links=>:follow, :backup=>false}'[0m
[0;36mDebug: Using settings: adding file resource 'lastrunfile': 'File[/var/lib/puppet/state/last_run_summary.yaml]{:path=>"/var/lib/puppet/state/last_run_summary.yaml", :mode=>"644", :ensure=>:file, :loglevel=>:debug, :links=>:follow, :backup=>false}'[0m
[0;36mDebug: Using settings: adding file resource 'lastrunreport': 'File[/var/lib/puppet/state/last_run_report.yaml]{:path=>"/var/lib/puppet/state/last_run_report.yaml", :mode=>"640", :ensure=>:file, :loglevel=>:debug, :links=>:follow, :backup=>false}'[0m
[0;36mDebug: Using settings: adding file resource 'graphdir': 'File[/var/lib/puppet/state/graphs]{:path=>"/var/lib/puppet/state/graphs", :ensure=>:directory, :loglevel=>:debug, :links=>:follow, :backup=>false}'[0m
[0;36mDebug: Using settings: adding file resource 'pluginfactdest': 'File[/var/lib/puppet/facts.d]{:path=>"/var/lib/puppet/facts.d", :ensure=>:directory, :loglevel=>:debug, :links=>:follow, :backup=>false}'[0m
[0;36mDebug: /File[/var/lib/puppet/state]: Autorequiring File[/var/lib/puppet][0m
[0;36mDebug: /File[/var/lib/puppet/lib]: Autorequiring File[/var/lib/puppet][0m
[0;36mDebug: /File[/var/lib/puppet/preview]: Autorequiring File[/var/lib/puppet][0m
[0;36mDebug: /File[/var/lib/puppet/ssl/certs]: Autorequiring File[/var/lib/puppet/ssl][0m
[0;36mDebug: /File[/var/lib/puppet/ssl]: Autorequiring File[/var/lib/puppet][0m
[0;36mDebug: /File[/var/lib/puppet/ssl/public_keys]: Autorequiring File[/var/lib/puppet/ssl][0m
[0;36mDebug: /File[/var/lib/puppet/ssl/certificate_requests]: Autorequiring File[/var/lib/puppet/ssl][0m
[0;36mDebug: /File[/var/lib/puppet/ssl/private_keys]: Autorequiring File[/var/lib/puppet/ssl][0m
[0;36mDebug: /File[/var/lib/puppet/ssl/private]: Autorequiring File[/var/lib/puppet/ssl][0m
[0;36mDebug: /File[/var/lib/puppet/state/state.yaml]: Autorequiring File[/var/lib/puppet/state][0m
[0;36mDebug: /File[/var/lib/puppet/client_yaml]: Autorequiring File[/var/lib/puppet][0m
[0;36mDebug: /File[/var/lib/puppet/client_data]: Autorequiring File[/var/lib/puppet][0m
[0;36mDebug: /File[/var/lib/puppet/clientbucket]: Autorequiring File[/var/lib/puppet][0m
[0;36mDebug: /File[/var/lib/puppet/state/last_run_summary.yaml]: Autorequiring File[/var/lib/puppet/state][0m
[0;36mDebug: /File[/var/lib/puppet/state/last_run_report.yaml]: Autorequiring File[/var/lib/puppet/state][0m
[0;36mDebug: /File[/var/lib/puppet/state/graphs]: Autorequiring File[/var/lib/puppet/state][0m
[0;36mDebug: /File[/var/lib/puppet/facts.d]: Autorequiring File[/var/lib/puppet][0m
[0;36mDebug: Finishing transaction 26892940[0m
[0;36mDebug: Loaded state in 0.00 seconds[0m
[0;36mDebug: Loaded state in 0.00 seconds[0m
[0;32mInfo: Applying configuration version '1500309338'[0m
[0;36mDebug: Finishing transaction 38828620[0m
[0;36mDebug: Storing state[0m
[0;36mDebug: Stored state in 0.02 seconds[0m
[mNotice: Finished catalog run in 0.03 seconds[0m
[0;36mDebug: Using settings: adding file resource 'rrddir': 'File[/var/lib/puppet/rrd]{:path=>"/var/lib/puppet/rrd", :mode=>"750", :owner=>"root", :ensure=>:directory, :loglevel=>:debug, :links=>:follow, :backup=>false}'[0m
[0;36mDebug: Finishing transaction 40281440[0m
[0;36mDebug: Received report to process from saphanadb.reddog.microsoft.com[0m
[0;36mDebug: Evicting cache entry for environment 'production'[0m
[0;36mDebug: Caching environment 'production' (ttl = 0 sec)[0m
[0;36mDebug: Processing report from saphanadb.reddog.microsoft.com with processor Puppet::Reports::Store[0m
